Arguments: 
  C:\Development\nodeJS\node.exe C:\Users\wwarb\AppData\Roaming\npm\node_modules\yarn\bin\yarn.js add gatsby-plugin-theme-switcher

PATH: 
  C:\WINDOWS\system32;C:\WINDOWS;C:\WINDOWS\System32\Wbem;C:\WINDOWS\System32\WindowsPowerShell\v1.0\;C:\WINDOWS\System32\OpenSSH\;C:\Program Files\Docker\Docker\resources\bin;C:\ProgramData\DockerDesktop\version-bin;C:\Development\CommonFiles\Java64\bin;C:\Development\WPy-3661\python-3.6.6.amd64;C:\Development\WPy-3661\python-3.6.6.amd64\Scripts;C:\Development\xampp-portable-windows-x64-7.4.16-0-VC15\xampp\php;C:\Users\wwarb\AppData\Roaming\Composer\vendor\bin;C:\Users\wwarb\AppData\Roaming\npm;C:\PortableApps\GitPortable\App\Git\bin;C:\Users\wwarb\AppData\Local\GitHubDesktop\bin;C:\Program Files (x86)\dotnet\;C:\Development\Amazon\AWSCLIV2\;C:\Development\Amazon\AWSSAMCLI\bin\;C:\Development\nodeJS\;C:\Users\wwarb\AppData\Local\Microsoft\WindowsApps;C:\Users\wwarb\AppData\Local\Microsoft\WindowsApps

Yarn version: 
  1.22.4

Node version: 
  16.10.0

Platform: 
  win32 x64

Trace: 
  Error: EPERM: operation not permitted, unlink 'C:\Development\WORKSPACE\MetaSimian\hello-world-gatsby\node_modules\lmdb-store\prebuilds\win32-x64\node.abi93.node'

npm manifest: 
  {
    "name": "hello-world",
    "version": "1.0.0",
    "private": true,
    "description": "Hello World",
    "author": "tripsimian@gmail.com",
    "keywords": [
      "gatsby"
    ],
    "scripts": {
      "develop": "gatsby develop",
      "start": "gatsby develop",
      "build": "gatsby build",
      "serve": "gatsby serve",
      "clean": "gatsby clean"
    },
    "dependencies": {
      "@mdx-js/mdx": "^1.6.22",
      "@mdx-js/react": "^1.6.22",
      "gatsby": "^4.2.0",
      "gatsby-plugin-google-analytics": "^4.2.0",
      "gatsby-plugin-image": "^2.2.0",
      "gatsby-plugin-manifest": "^4.2.0",
      "gatsby-plugin-mdx": "^3.2.0",
      "gatsby-plugin-react-helmet": "^5.2.0",
      "gatsby-plugin-sass": "^5.2.0",
      "gatsby-plugin-sharp": "^4.2.0",
      "gatsby-plugin-sitemap": "^5.2.0",
      "gatsby-source-filesystem": "^4.2.0",
      "gatsby-transformer-sharp": "^4.2.0",
      "react": "^17.0.1",
      "react-dom": "^17.0.1",
      "react-helmet": "^6.1.0",
      "sass": "^1.43.4"
    }
  }

yarn manifest: 
  No manifest

Lockfile: 
  No lockfile
